<?xml version="1.0" encoding="UTF-8"?>
<testsuite name="DrawerTestSuite" tests="1" skipped="0" failures="0" errors="0" timestamp="2020-09-01T19:40:37" hostname="DESKTOP-VUOAR0M" time="0.002">
  <properties/>
  <testcase name="testDoDrawing" classname="DrawerTestSuite" time="0.002"/>
  <system-out><![CDATA[]]></system-out>
  <system-err><![CDATA[]]></system-err>
</testsuite>
